  MyVector.cpp
  MyVector_test.cpp
D:\c++\daima\monday\MyVector.cpp(12,1): error C2679: 二进制“<<”: 没有找到接受“T”类型的右操作数的运算符(或没有可接受的转换)
          with
          [
              T=Teacher
          ]
D:\c++\Vc2019pro\VC\Tools\MSVC\14.27.29110\include\ostream(466,39): message : 可能是“std::basic_ostream<char,std::char_traits<char>> &std::basic_ostream<char,std::char_traits<char>>::operator <<(std::basic_streambuf<char,std::char_traits<char>> *)”
D:\c++\Vc2019pro\VC\Tools\MSVC\14.27.29110\include\ostream(441,39): message : 或    “std::basic_ostream<char,std::char_traits<char>> &std::basic_ostream<char,std::char_traits<char>>::operator <<(const void *)”
D:\c++\Vc2019pro\VC\Tools\MSVC\14.27.29110\include\ostream(423,39): message : 或    “std::basic_ostream<char,std::char_traits<char>> &std::basic_ostream<char,std::char_traits<char>>::operator <<(long double)”
D:\c++\Vc2019pro\VC\Tools\MSVC\14.27.29110\include\ostream(405,39): message : 或    “std::basic_ostream<char,std::char_traits<char>> &std::basic_ostream<char,std::char_traits<char>>::operator <<(double)”
D:\c++\Vc2019pro\VC\Tools\MSVC\14.27.29110\include\ostream(387,39): message : 或    “std::basic_ostream<char,std::char_traits<char>> &std::basic_ostream<char,std::char_traits<char>>::operator <<(float)”
D:\c++\Vc2019pro\VC\Tools\MSVC\14.27.29110\include\ostream(369,39): message : 或    “std::basic_ostream<char,std::char_traits<char>> &std::basic_ostream<char,std::char_traits<char>>::operator <<(unsigned __int64)”
D:\c++\Vc2019pro\VC\Tools\MSVC\14.27.29110\include\ostream(351,39): message : 或    “std::basic_ostream<char,std::char_traits<char>> &std::basic_ostream<char,std::char_traits<char>>::operator <<(__int64)”
D:\c++\Vc2019pro\VC\Tools\MSVC\14.27.29110\include\ostream(333,39): message : 或    “std::basic_ostream<char,std::char_traits<char>> &std::basic_ostream<char,std::char_traits<char>>::operator <<(unsigned long)”
D:\c++\Vc2019pro\VC\Tools\MSVC\14.27.29110\include\ostream(315,39): message : 或    “std::basic_ostream<char,std::char_traits<char>> &std::basic_ostream<char,std::char_traits<char>>::operator <<(long)”
D:\c++\Vc2019pro\VC\Tools\MSVC\14.27.29110\include\ostream(296,39): message : 或    “std::basic_ostream<char,std::char_traits<char>> &std::basic_ostream<char,std::char_traits<char>>::operator <<(unsigned int)”
D:\c++\Vc2019pro\VC\Tools\MSVC\14.27.29110\include\ostream(270,39): message : 或    “std::basic_ostream<char,std::char_traits<char>> &std::basic_ostream<char,std::char_traits<char>>::operator <<(int)”
D:\c++\Vc2019pro\VC\Tools\MSVC\14.27.29110\include\ostream(251,39): message : 或    “std::basic_ostream<char,std::char_traits<char>> &std::basic_ostream<char,std::char_traits<char>>::operator <<(unsigned short)”
D:\c++\Vc2019pro\VC\Tools\MSVC\14.27.29110\include\ostream(217,39): message : 或    “std::basic_ostream<char,std::char_traits<char>> &std::basic_ostream<char,std::char_traits<char>>::operator <<(short)”
D:\c++\Vc2019pro\VC\Tools\MSVC\14.27.29110\include\ostream(199,39): message : 或    “std::basic_ostream<char,std::char_traits<char>> &std::basic_ostream<char,std::char_traits<char>>::operator <<(bool)”
D:\c++\Vc2019pro\VC\Tools\MSVC\14.27.29110\include\ostream(194,39): message : 或    “std::basic_ostream<char,std::char_traits<char>> &std::basic_ostream<char,std::char_traits<char>>::operator <<(std::ios_base &(__cdecl *)(std::ios_base &))”
D:\c++\Vc2019pro\VC\Tools\MSVC\14.27.29110\include\ostream(189,39): message : 或    “std::basic_ostream<char,std::char_traits<char>> &std::basic_ostream<char,std::char_traits<char>>::operator <<(std::basic_ios<char,std::char_traits<char>> &(__cdecl *)(std::basic_ios<char,std::char_traits<char>> &))”
D:\c++\Vc2019pro\VC\Tools\MSVC\14.27.29110\include\ostream(184,39): message : 或    “std::basic_ostream<char,std::char_traits<char>> &std::basic_ostream<char,std::char_traits<char>>::operator <<(std::basic_ostream<char,std::char_traits<char>> &(__cdecl *)(std::basic_ostream<char,std::char_traits<char>> &))”
D:\c++\Vc2019pro\VC\Tools\MSVC\14.27.29110\include\ostream(1001,32): message : 或    “std::basic_ostream<char,std::char_traits<char>> &std::operator <<<char,std::char_traits<char>>(std::basic_ostream<char,std::char_traits<char>> &,const std::error_code &)”
D:\c++\Vc2019pro\VC\Tools\MSVC\14.27.29110\include\ostream(913,31): message : 或    “std::basic_ostream<char,std::char_traits<char>> &std::operator <<<std::char_traits<char>>(std::basic_ostream<char,std::char_traits<char>> &,unsigned char)”
D:\c++\Vc2019pro\VC\Tools\MSVC\14.27.29110\include\ostream(907,31): message : 或    “std::basic_ostream<char,std::char_traits<char>> &std::operator <<<std::char_traits<char>>(std::basic_ostream<char,std::char_traits<char>> &,const unsigned char *)”
D:\c++\Vc2019pro\VC\Tools\MSVC\14.27.29110\include\ostream(902,31): message : 或    “std::basic_ostream<char,std::char_traits<char>> &std::operator <<<std::char_traits<char>>(std::basic_ostream<char,std::char_traits<char>> &,signed char)”
D:\c++\Vc2019pro\VC\Tools\MSVC\14.27.29110\include\ostream(896,31): message : 或    “std::basic_ostream<char,std::char_traits<char>> &std::operator <<<std::char_traits<char>>(std::basic_ostream<char,std::char_traits<char>> &,const signed char *)”
D:\c++\Vc2019pro\VC\Tools\MSVC\14.27.29110\include\ostream(779,31): message : 或    “std::basic_ostream<char,std::char_traits<char>> &std::operator <<<std::char_traits<char>>(std::basic_ostream<char,std::char_traits<char>> &,char)”
D:\c++\Vc2019pro\VC\Tools\MSVC\14.27.29110\include\ostream(734,31): message : 或    “std::basic_ostream<char,std::char_traits<char>> &std::operator <<<std::char_traits<char>>(std::basic_ostream<char,std::char_traits<char>> &,const char *)”
D:\c++\Vc2019pro\VC\Tools\MSVC\14.27.29110\include\ostream(698,32): message : 或    “std::basic_ostream<char,std::char_traits<char>> &std::operator <<<char,std::char_traits<char>>(std::basic_ostream<char,std::char_traits<char>> &,char)”
D:\c++\Vc2019pro\VC\Tools\MSVC\14.27.29110\include\ostream(654,32): message : 或    “std::basic_ostream<char,std::char_traits<char>> &std::operator <<<char,std::char_traits<char>>(std::basic_ostream<char,std::char_traits<char>> &,const char *)”
D:\c++\daima\monday\MyVector.cpp(12,1): message : 尝试匹配参数列表“(std::ostream, T)”时
          with
          [
              T=Teacher
          ]
D:\c++\daima\monday\MyVector_test.cpp(58): message : 查看对正在编译的函数 模板 实例化“std::ostream &operator <<<T>(std::ostream &,const MyVector<T> &)”的引用
          with
          [
              T=Teacher
          ]
